<?xml version="1.0" encoding="UTF-8"?>
<!-- Generated by org.testng.reporters.JUnitReportReporter -->
<testsuite skipped="0" hostname="SANMALLI-FQ0JE" name="com.qa.barcode.BarcodeTest" tests="1" failures="0" timestamp="30 Oct 2018 14:35:30 GMT" time="15.955" errors="0">
  <testcase name="barCodeTest" time="15.955" classname="com.qa.barcode.BarcodeTest"/>
</testsuite> <!-- com.qa.barcode.BarcodeTest -->
